

Started GET "/assets/rails.png" for 127.0.0.1 at Thu Oct 04 14:06:19 -0600 2012
Served asset /rails.png - 200 OK (7ms)


Started GET "/" for 127.0.0.1 at Thu Oct 04 14:24:44 -0600 2012

ActionController::RoutingError (uninitialized constant ContactController):
  activesupport (3.2.3) lib/active_support/inflector/methods.rb:218:in `constantize'
  activesupport (3.2.3) lib/active_support/inflector/methods.rb:217:in `each'
  activesupport (3.2.3) lib/active_support/inflector/methods.rb:217:in `constantize'
  actionpack (3.2.3) lib/action_dispatch/routing/route_set.rb:69:in `controller_reference'
  actionpack (3.2.3) lib/action_dispatch/routing/route_set.rb:54:in `controller'
  actionpack (3.2.3) lib/action_dispatch/routing/route_set.rb:32:in `call'
  journey (1.0.4) lib/journey/router.rb:68:in `call'
  journey (1.0.4) lib/journey/router.rb:56:in `each'
  journey (1.0.4) lib/journey/router.rb:56:in `call'
  actionpack (3.2.3) lib/action_dispatch/routing/route_set.rb:600:in `call'
  actionpack (3.2.3) lib/action_dispatch/middleware/best_standards_support.rb:17:in `call'
  rack (1.4.1) lib/rack/etag.rb:23:in `call'
  rack (1.4.1) lib/rack/conditionalget.rb:25:in `call'
  actionpack (3.2.3) lib/action_dispatch/middleware/head.rb:14:in `call'
  actionpack (3.2.3) lib/action_dispatch/middleware/params_parser.rb:21:in `call'
  actionpack (3.2.3) lib/action_dispatch/middleware/flash.rb:242:in `call'
  rack (1.4.1) lib/rack/session/abstract/id.rb:205:in `context'
  rack (1.4.1) lib/rack/session/abstract/id.rb:200:in `call'
  actionpack (3.2.3) lib/action_dispatch/middleware/cookies.rb:338:in `call'
  activerecord (3.2.3) lib/active_record/query_cache.rb:64:in `call'
  activerecord (3.2.3) lib/active_record/connection_adapters/abstract/connection_pool.rb:467:in `call'
  actionpack (3.2.3) lib/action_dispatch/middleware/callbacks.rb:28:in `call'
  activesupport (3.2.3) lib/active_support/callbacks.rb:405:in `_run__1997492850__call__4__callbacks'
  activesupport (3.2.3) lib/active_support/callbacks.rb:405:in `send'
  activesupport (3.2.3) lib/active_support/callbacks.rb:405:in `__run_callback'
  activesupport (3.2.3) lib/active_support/callbacks.rb:385:in `_run_call_callbacks'
  activesupport (3.2.3) lib/active_support/callbacks.rb:81:in `send'
  activesupport (3.2.3) lib/active_support/callbacks.rb:81:in `run_callbacks'
  actionpack (3.2.3) lib/action_dispatch/middleware/callbacks.rb:27:in `call'
  actionpack (3.2.3) lib/action_dispatch/middleware/reloader.rb:65:in `call'
  actionpack (3.2.3) lib/action_dispatch/middleware/remote_ip.rb:31:in `call'
  actionpack (3.2.3) lib/action_dispatch/middleware/debug_exceptions.rb:16:in `call'
  actionpack (3.2.3) lib/action_dispatch/middleware/show_exceptions.rb:56:in `call'
  railties (3.2.3) lib/rails/rack/logger.rb:26:in `call_app'
  railties (3.2.3) lib/rails/rack/logger.rb:16:in `call'
  actionpack (3.2.3) lib/action_dispatch/middleware/request_id.rb:22:in `call'
  rack (1.4.1) lib/rack/methodoverride.rb:21:in `call'
  rack (1.4.1) lib/rack/runtime.rb:17:in `call'
  activesupport (3.2.3) lib/active_support/cache/strategy/local_cache.rb:72:in `call'
  rack (1.4.1) lib/rack/lock.rb:15:in `call'
  actionpack (3.2.3) lib/action_dispatch/middleware/static.rb:62:in `call'
  railties (3.2.3) lib/rails/engine.rb:479:in `call'
  railties (3.2.3) lib/rails/application.rb:220:in `call'
  rack (1.4.1) lib/rack/content_length.rb:14:in `call'
  railties (3.2.3) lib/rails/rack/log_tailer.rb:14:in `call'
  rack (1.4.1) lib/rack/handler/webrick.rb:59:in `service'
  /usr/lib/ruby/1.8/webrick/httpserver.rb:104:in `service'
  /usr/lib/ruby/1.8/webrick/httpserver.rb:65:in `run'
  /usr/lib/ruby/1.8/webrick/server.rb:173:in `start_thread'
  /usr/lib/ruby/1.8/webrick/server.rb:162:in `start'
  /usr/lib/ruby/1.8/webrick/server.rb:162:in `start_thread'
  /usr/lib/ruby/1.8/webrick/server.rb:95:in `start'
  /usr/lib/ruby/1.8/webrick/server.rb:92:in `each'
  /usr/lib/ruby/1.8/webrick/server.rb:92:in `start'
  /usr/lib/ruby/1.8/webrick/server.rb:23:in `start'
  /usr/lib/ruby/1.8/webrick/server.rb:82:in `start'
  rack (1.4.1) lib/rack/handler/webrick.rb:13:in `run'
  rack (1.4.1) lib/rack/server.rb:265:in `start'
  railties (3.2.3) lib/rails/commands/server.rb:70:in `start'
  railties (3.2.3) lib/rails/commands.rb:55
  railties (3.2.3) lib/rails/commands.rb:50:in `tap'
  railties (3.2.3) lib/rails/commands.rb:50
  script/rails:6:in `require'
  script/rails:6


  Rendered /var/lib/gems/1.8/gems/actionpack-3.2.3/lib/action_dispatch/middleware/templates/rescues/routing_error.erb within rescues/layout (14.8ms)


Started GET "/" for 127.0.0.1 at Thu Oct 04 14:25:37 -0600 2012
Processing by ContactController#index as HTML
  Rendered contact/index.html.erb within layouts/application (0.4ms)
Compiled contact.css  (6ms)  (pid 5431)
Compiled contacts.css  (2ms)  (pid 5431)
Compiled scaffolds.css  (98ms)  (pid 5431)
Compiled application.css  (145ms)  (pid 5431)
Compiled jquery.js  (5ms)  (pid 5431)
Compiled jquery_ujs.js  (0ms)  (pid 5431)
Compiled contact.js  (787ms)  (pid 5431)
Compiled contacts.js  (271ms)  (pid 5431)
Compiled application.js  (1171ms)  (pid 5431)
Completed 200 OK in 1355ms (Views: 1354.7ms | ActiveRecord: 0.0ms)


Started GET "/assets/application.css?body=1" for 127.0.0.1 at Thu Oct 04 14:25:38 -0600 2012
Served asset /application.css - 200 OK (7ms)


Started GET "/assets/contact.css?body=1" for 127.0.0.1 at Thu Oct 04 14:25:38 -0600 2012
Served asset /contact.css - 200 OK (2ms)


Started GET "/assets/contacts.css?body=1" for 127.0.0.1 at Thu Oct 04 14:25:38 -0600 2012
Served asset /contacts.css - 200 OK (2ms)


Started GET "/assets/scaffolds.css?body=1" for 127.0.0.1 at Thu Oct 04 14:25:38 -0600 2012
Served asset /scaffolds.css - 200 OK (2ms)


Started GET "/assets/jquery.js?body=1" for 127.0.0.1 at Thu Oct 04 14:25:38 -0600 2012
Served asset /jquery.js - 200 OK (6ms)


Started GET "/assets/jquery_ujs.js?body=1" for 127.0.0.1 at Thu Oct 04 14:25:38 -0600 2012
Served asset /jquery_ujs.js - 200 OK (4ms)


Started GET "/assets/contact.js?body=1" for 127.0.0.1 at Thu Oct 04 14:25:38 -0600 2012
Served asset /contact.js - 200 OK (1ms)


Started GET "/assets/contacts.js?body=1" for 127.0.0.1 at Thu Oct 04 14:25:38 -0600 2012
Served asset /contacts.js - 200 OK (1ms)


Started GET "/assets/application.js?body=1" for 127.0.0.1 at Thu Oct 04 14:25:38 -0600 2012
Served asset /application.js - 200 OK (8ms)


Started GET "/" for 127.0.0.1 at Thu Oct 04 14:30:01 -0600 2012
Processing by ContactsController#index as HTML
Completed 500 Internal Server Error in 211ms

ActiveRecord::StatementInvalid (Could not find table 'contacts'):
  app/controllers/contacts_controller.rb:5:in `index'


  Rendered /var/lib/gems/1.8/gems/actionpack-3.2.3/lib/action_dispatch/middleware/templates/rescues/_trace.erb (2.0ms)
  Rendered /var/lib/gems/1.8/gems/actionpack-3.2.3/lib/action_dispatch/middleware/templates/rescues/_request_and_response.erb (1.9ms)
  Rendered /var/lib/gems/1.8/gems/actionpack-3.2.3/lib/action_dispatch/middleware/templates/rescues/diagnostics.erb within rescues/layout (17.8ms)
  [1m[36m (0.2ms)[0m  [1mselect sqlite_version(*)[0m
  [1m[35m (12.0ms)[0m  CREATE TABLE "schema_migrations" ("version" varchar(255) NOT NULL) 
  [1m[36m (0.1ms)[0m  [1mPRAGMA index_list("schema_migrations")[0m
  [1m[35m (6.8ms)[0m  CREATE UNIQUE INDEX "unique_schema_migrations" ON "schema_migrations" ("version")
  [1m[36m (0.1ms)[0m  [1mSELECT "schema_migrations"."version" FROM "schema_migrations" [0m
Migrating to CreateContacts (20121004202133)
  [1m[35m (0.0ms)[0m  begin transaction
  [1m[36m (0.4ms)[0m  [1mCREATE TABLE "contacts" ("id" INTEGER PRIMARY KEY AUTOINCREMENT NOT NULL, "name" varchar(255), "mail" varchar(255), "number" varchar(255), "edad" varchar(255), "created_at" datetime NOT NULL, "updated_at" datetime NOT NULL) [0m
  [1m[35m (0.1ms)[0m  INSERT INTO "schema_migrations" ("version") VALUES ('20121004202133')
  [1m[36m (6.9ms)[0m  [1mcommit transaction[0m
  [1m[35m (0.1ms)[0m  select sqlite_version(*)
  [1m[36m (0.1ms)[0m  [1mSELECT "schema_migrations"."version" FROM "schema_migrations" [0m
  [1m[35m (0.0ms)[0m  PRAGMA index_list("contacto")
  [1m[36m (0.0ms)[0m  [1mPRAGMA index_list("contacts")[0m


Started GET "/" for 127.0.0.1 at Thu Oct 04 14:31:27 -0600 2012
Processing by ContactsController#index as HTML
  [1m[36mContact Load (0.2ms)[0m  [1mSELECT "contacts".* FROM "contacts" [0m
  Rendered contacts/index.html.erb within layouts/application (1.9ms)
Completed 200 OK in 16ms (Views: 11.6ms | ActiveRecord: 1.1ms)


Started GET "/assets/application.css?body=1" for 127.0.0.1 at Thu Oct 04 14:31:27 -0600 2012
Served asset /application.css - 304 Not Modified (0ms)


Started GET "/assets/contact.css?body=1" for 127.0.0.1 at Thu Oct 04 14:31:27 -0600 2012
Served asset /contact.css - 304 Not Modified (0ms)


Started GET "/assets/contacts.css?body=1" for 127.0.0.1 at Thu Oct 04 14:31:27 -0600 2012
Served asset /contacts.css - 304 Not Modified (0ms)


Started GET "/assets/scaffolds.css?body=1" for 127.0.0.1 at Thu Oct 04 14:31:27 -0600 2012
Served asset /scaffolds.css - 304 Not Modified (0ms)


Started GET "/assets/jquery.js?body=1" for 127.0.0.1 at Thu Oct 04 14:31:27 -0600 2012
Served asset /jquery.js - 304 Not Modified (0ms)


Started GET "/assets/jquery_ujs.js?body=1" for 127.0.0.1 at Thu Oct 04 14:31:27 -0600 2012
Served asset /jquery_ujs.js - 304 Not Modified (0ms)


Started GET "/assets/contact.js?body=1" for 127.0.0.1 at Thu Oct 04 14:31:27 -0600 2012
Served asset /contact.js - 304 Not Modified (0ms)


Started GET "/assets/contacts.js?body=1" for 127.0.0.1 at Thu Oct 04 14:31:27 -0600 2012
Served asset /contacts.js - 304 Not Modified (0ms)


Started GET "/assets/application.js?body=1" for 127.0.0.1 at Thu Oct 04 14:31:27 -0600 2012
Served asset /application.js - 304 Not Modified (1ms)


Started GET "/contacts/new" for 127.0.0.1 at Thu Oct 04 14:31:40 -0600 2012
Processing by ContactsController#new as HTML
  Rendered contacts/_form.html.erb (217.5ms)
  Rendered contacts/new.html.erb within layouts/application (272.6ms)
Completed 200 OK in 310ms (Views: 288.2ms | ActiveRecord: 0.0ms)


Started GET "/assets/application.css?body=1" for 127.0.0.1 at Thu Oct 04 14:31:41 -0600 2012
Served asset /application.css - 304 Not Modified (0ms)


Started GET "/assets/scaffolds.css?body=1" for 127.0.0.1 at Thu Oct 04 14:31:41 -0600 2012
Served asset /scaffolds.css - 304 Not Modified (0ms)


Started GET "/assets/contacts.css?body=1" for 127.0.0.1 at Thu Oct 04 14:31:41 -0600 2012
Served asset /contacts.css - 304 Not Modified (0ms)


Started GET "/assets/contact.css?body=1" for 127.0.0.1 at Thu Oct 04 14:31:41 -0600 2012
Served asset /contact.css - 304 Not Modified (0ms)


Started GET "/assets/jquery_ujs.js?body=1" for 127.0.0.1 at Thu Oct 04 14:31:41 -0600 2012
Served asset /jquery_ujs.js - 304 Not Modified (0ms)


Started GET "/assets/jquery.js?body=1" for 127.0.0.1 at Thu Oct 04 14:31:41 -0600 2012
Served asset /jquery.js - 304 Not Modified (0ms)


Started GET "/assets/contact.js?body=1" for 127.0.0.1 at Thu Oct 04 14:31:41 -0600 2012
Served asset /contact.js - 304 Not Modified (0ms)


Started GET "/assets/contacts.js?body=1" for 127.0.0.1 at Thu Oct 04 14:31:41 -0600 2012
Served asset /contacts.js - 304 Not Modified (0ms)


Started GET "/assets/application.js?body=1" for 127.0.0.1 at Thu Oct 04 14:31:41 -0600 2012
Served asset /application.js - 304 Not Modified (0ms)


Started POST "/contacts" for 127.0.0.1 at Thu Oct 04 14:32:05 -0600 2012
Processing by ContactsController#create as HTML
  Parameters: {"authenticity_token"=>"QNvkJ6paIt/J5rght4kfFYbtNbRCbO4gzoGBj/YW4KE=", "contact"=>{"edad"=>"20", "name"=>"Javier Sales", "mail"=>"javiersc05@gmail.com", "number"=>"88470506"}, "commit"=>"Create Contact", "utf8"=>"✓"}
  [1m[35m (0.2ms)[0m  begin transaction
  [1m[36mSQL (65.5ms)[0m  [1mINSERT INTO "contacts" ("created_at", "edad", "mail", "name", "number", "updated_at") VALUES (?, ?, ?, ?, ?, ?)[0m  [["created_at", Thu, 04 Oct 2012 20:32:05 UTC +00:00], ["edad", "20"], ["mail", "javiersc05@gmail.com"], ["name", "Javier Sales"], ["number", "88470506"], ["updated_at", Thu, 04 Oct 2012 20:32:05 UTC +00:00]]
  [1m[35m (13.9ms)[0m  commit transaction
Redirected to http://localhost:3000/contacts/1
Completed 302 Found in 91ms (ActiveRecord: 79.6ms)


Started GET "/contacts/1" for 127.0.0.1 at Thu Oct 04 14:32:05 -0600 2012
Processing by ContactsController#show as HTML
  Parameters: {"id"=>"1"}
  [1m[36mContact Load (0.5ms)[0m  [1mSELECT "contacts".* FROM "contacts" WHERE "contacts"."id" = ? LIMIT 1[0m  [["id", "1"]]
  Rendered contacts/show.html.erb within layouts/application (3.4ms)
Completed 200 OK in 27ms (Views: 21.8ms | ActiveRecord: 0.5ms)


Started GET "/assets/application.css?body=1" for 127.0.0.1 at Thu Oct 04 14:32:05 -0600 2012
Served asset /application.css - 304 Not Modified (0ms)


Started GET "/assets/contact.css?body=1" for 127.0.0.1 at Thu Oct 04 14:32:05 -0600 2012
Served asset /contact.css - 304 Not Modified (0ms)


Started GET "/assets/contacts.css?body=1" for 127.0.0.1 at Thu Oct 04 14:32:05 -0600 2012
Served asset /contacts.css - 304 Not Modified (0ms)


Started GET "/assets/scaffolds.css?body=1" for 127.0.0.1 at Thu Oct 04 14:32:05 -0600 2012
Served asset /scaffolds.css - 304 Not Modified (0ms)


Started GET "/assets/jquery.js?body=1" for 127.0.0.1 at Thu Oct 04 14:32:05 -0600 2012
Served asset /jquery.js - 304 Not Modified (0ms)


Started GET "/assets/jquery_ujs.js?body=1" for 127.0.0.1 at Thu Oct 04 14:32:05 -0600 2012
Served asset /jquery_ujs.js - 304 Not Modified (0ms)


Started GET "/assets/contact.js?body=1" for 127.0.0.1 at Thu Oct 04 14:32:05 -0600 2012
Served asset /contact.js - 304 Not Modified (0ms)


Started GET "/assets/contacts.js?body=1" for 127.0.0.1 at Thu Oct 04 14:32:05 -0600 2012
Served asset /contacts.js - 304 Not Modified (0ms)


Started GET "/assets/application.js?body=1" for 127.0.0.1 at Thu Oct 04 14:32:05 -0600 2012
Served asset /application.js - 304 Not Modified (0ms)


Started GET "/contacts" for 127.0.0.1 at Thu Oct 04 14:32:09 -0600 2012
Processing by ContactsController#index as HTML
  [1m[35mContact Load (0.3ms)[0m  SELECT "contacts".* FROM "contacts" 
  Rendered contacts/index.html.erb within layouts/application (2.6ms)
Completed 200 OK in 15ms (Views: 12.3ms | ActiveRecord: 0.3ms)


Started GET "/assets/application.css?body=1" for 127.0.0.1 at Thu Oct 04 14:32:10 -0600 2012
Served asset /application.css - 304 Not Modified (0ms)


Started GET "/assets/contacts.css?body=1" for 127.0.0.1 at Thu Oct 04 14:32:10 -0600 2012
Served asset /contacts.css - 304 Not Modified (0ms)


Started GET "/assets/scaffolds.css?body=1" for 127.0.0.1 at Thu Oct 04 14:32:10 -0600 2012
Served asset /scaffolds.css - 304 Not Modified (0ms)


Started GET "/assets/contact.css?body=1" for 127.0.0.1 at Thu Oct 04 14:32:10 -0600 2012
Served asset /contact.css - 304 Not Modified (1ms)


Started GET "/assets/jquery.js?body=1" for 127.0.0.1 at Thu Oct 04 14:32:10 -0600 2012
Served asset /jquery.js - 304 Not Modified (0ms)


Started GET "/assets/jquery_ujs.js?body=1" for 127.0.0.1 at Thu Oct 04 14:32:10 -0600 2012
Served asset /jquery_ujs.js - 304 Not Modified (0ms)


Started GET "/assets/contact.js?body=1" for 127.0.0.1 at Thu Oct 04 14:32:10 -0600 2012
Served asset /contact.js - 304 Not Modified (0ms)


Started GET "/assets/contacts.js?body=1" for 127.0.0.1 at Thu Oct 04 14:32:10 -0600 2012
Served asset /contacts.js - 304 Not Modified (0ms)


Started GET "/assets/application.js?body=1" for 127.0.0.1 at Thu Oct 04 14:32:10 -0600 2012
Served asset /application.js - 304 Not Modified (0ms)
  [1m[36m (0.1ms)[0m  [1mselect sqlite_version(*)[0m
  [1m[35m (0.1ms)[0m  SELECT "schema_migrations"."version" FROM "schema_migrations" 
  [1m[36m (0.0ms)[0m  [1mPRAGMA index_list("contacts")[0m


Started GET "/contacts" for 127.0.0.1 at Thu Oct 04 14:41:35 -0600 2012
Processing by ContactsController#index as HTML
Completed 500 Internal Server Error in 54ms

NameError (uninitialized constant ContactsController::Contact):
  app/controllers/contacts_controller.rb:5:in `index'


  Rendered /var/lib/gems/1.8/gems/actionpack-3.2.3/lib/action_dispatch/middleware/templates/rescues/_trace.erb (0.9ms)
  Rendered /var/lib/gems/1.8/gems/actionpack-3.2.3/lib/action_dispatch/middleware/templates/rescues/_request_and_response.erb (0.7ms)
  Rendered /var/lib/gems/1.8/gems/actionpack-3.2.3/lib/action_dispatch/middleware/templates/rescues/diagnostics.erb within rescues/layout (6.6ms)
  [1m[36m (0.2ms)[0m  [1mSELECT "schema_migrations"."version" FROM "schema_migrations" [0m
Migrating to CreateContacts (20121004204252)
  [1m[35m (0.0ms)[0m  select sqlite_version(*)
  [1m[36m (0.0ms)[0m  [1mbegin transaction[0m
  [1m[35m (0.1ms)[0m  CREATE TABLE "contacts" ("id" INTEGER PRIMARY KEY AUTOINCREMENT NOT NULL, "created_at" datetime NOT NULL, "updated_at" datetime NOT NULL) 
SQLite3::SQLException: table "contacts" already exists: CREATE TABLE "contacts" ("id" INTEGER PRIMARY KEY AUTOINCREMENT NOT NULL, "created_at" datetime NOT NULL, "updated_at" datetime NOT NULL) 
  [1m[36m (0.0ms)[0m  [1mrollback transaction[0m


Started GET "/contacts" for 127.0.0.1 at Thu Oct 04 14:43:09 -0600 2012
Processing by ContactsController#index as HTML
  [1m[36mContact Load (0.1ms)[0m  [1mSELECT "contacts".* FROM "contacts" [0m
  Rendered contacts/index.html.erb within layouts/application (1.7ms)
Completed 200 OK in 14ms (Views: 6.8ms | ActiveRecord: 0.5ms)


Started GET "/assets/application.css?body=1" for 127.0.0.1 at Thu Oct 04 14:43:09 -0600 2012
Served asset /application.css - 304 Not Modified (0ms)


Started GET "/assets/contact.css?body=1" for 127.0.0.1 at Thu Oct 04 14:43:09 -0600 2012
Served asset /contact.css - 304 Not Modified (0ms)


Started GET "/assets/contacts.css?body=1" for 127.0.0.1 at Thu Oct 04 14:43:09 -0600 2012
Served asset /contacts.css - 304 Not Modified (0ms)


Started GET "/assets/scaffolds.css?body=1" for 127.0.0.1 at Thu Oct 04 14:43:09 -0600 2012
Served asset /scaffolds.css - 304 Not Modified (0ms)


Started GET "/assets/jquery.js?body=1" for 127.0.0.1 at Thu Oct 04 14:43:09 -0600 2012
Served asset /jquery.js - 304 Not Modified (0ms)


Started GET "/assets/jquery_ujs.js?body=1" for 127.0.0.1 at Thu Oct 04 14:43:09 -0600 2012
Served asset /jquery_ujs.js - 304 Not Modified (0ms)


Started GET "/assets/contact.js?body=1" for 127.0.0.1 at Thu Oct 04 14:43:09 -0600 2012
Served asset /contact.js - 304 Not Modified (1ms)


Started GET "/assets/contacts.js?body=1" for 127.0.0.1 at Thu Oct 04 14:43:09 -0600 2012
Served asset /contacts.js - 304 Not Modified (0ms)


Started GET "/assets/application.js?body=1" for 127.0.0.1 at Thu Oct 04 14:43:09 -0600 2012
Served asset /application.js - 304 Not Modified (0ms)


Started GET "/contacts" for 127.0.0.1 at Thu Oct 04 14:47:49 -0600 2012
Processing by ContactsController#index as HTML
  [1m[35mContact Load (0.2ms)[0m  SELECT "contacts".* FROM "contacts" 
  Rendered contacts/index.html.erb within layouts/application (1.4ms)
Completed 200 OK in 8ms (Views: 6.8ms | ActiveRecord: 0.2ms)


Started GET "/assets/application.css?body=1" for 127.0.0.1 at Thu Oct 04 14:47:49 -0600 2012
Served asset /application.css - 304 Not Modified (0ms)


Started GET "/assets/contact.css?body=1" for 127.0.0.1 at Thu Oct 04 14:47:49 -0600 2012
Served asset /contact.css - 304 Not Modified (0ms)


Started GET "/assets/contacts.css?body=1" for 127.0.0.1 at Thu Oct 04 14:47:49 -0600 2012
Served asset /contacts.css - 304 Not Modified (0ms)


Started GET "/assets/scaffolds.css?body=1" for 127.0.0.1 at Thu Oct 04 14:47:49 -0600 2012
Served asset /scaffolds.css - 304 Not Modified (0ms)


Started GET "/assets/jquery.js?body=1" for 127.0.0.1 at Thu Oct 04 14:47:49 -0600 2012
Served asset /jquery.js - 304 Not Modified (0ms)


Started GET "/assets/jquery_ujs.js?body=1" for 127.0.0.1 at Thu Oct 04 14:47:49 -0600 2012
Served asset /jquery_ujs.js - 304 Not Modified (0ms)


Started GET "/assets/contact.js?body=1" for 127.0.0.1 at Thu Oct 04 14:47:49 -0600 2012
Served asset /contact.js - 304 Not Modified (0ms)


Started GET "/assets/contacts.js?body=1" for 127.0.0.1 at Thu Oct 04 14:47:49 -0600 2012
Served asset /contacts.js - 304 Not Modified (0ms)


Started GET "/assets/application.js?body=1" for 127.0.0.1 at Thu Oct 04 14:47:49 -0600 2012
Served asset /application.js - 304 Not Modified (0ms)


Started GET "/contacts/new" for 127.0.0.1 at Thu Oct 04 14:47:52 -0600 2012
Processing by ContactsController#new as HTML
  Rendered contacts/_form.html.erb (3.9ms)
  Rendered contacts/new.html.erb within layouts/application (5.0ms)
Completed 200 OK in 11ms (Views: 9.9ms | ActiveRecord: 0.0ms)


Started GET "/assets/application.css?body=1" for 127.0.0.1 at Thu Oct 04 14:47:52 -0600 2012
Served asset /application.css - 304 Not Modified (0ms)


Started GET "/assets/contact.css?body=1" for 127.0.0.1 at Thu Oct 04 14:47:52 -0600 2012
Served asset /contact.css - 304 Not Modified (0ms)


Started GET "/assets/jquery.js?body=1" for 127.0.0.1 at Thu Oct 04 14:47:52 -0600 2012
Served asset /jquery.js - 304 Not Modified (0ms)


Started GET "/assets/scaffolds.css?body=1" for 127.0.0.1 at Thu Oct 04 14:47:52 -0600 2012
Served asset /scaffolds.css - 304 Not Modified (0ms)


Started GET "/assets/contacts.css?body=1" for 127.0.0.1 at Thu Oct 04 14:47:52 -0600 2012
Served asset /contacts.css - 304 Not Modified (0ms)


Started GET "/assets/jquery_ujs.js?body=1" for 127.0.0.1 at Thu Oct 04 14:47:52 -0600 2012
Served asset /jquery_ujs.js - 304 Not Modified (0ms)


Started GET "/assets/contact.js?body=1" for 127.0.0.1 at Thu Oct 04 14:47:52 -0600 2012
Served asset /contact.js - 304 Not Modified (0ms)


Started GET "/assets/contacts.js?body=1" for 127.0.0.1 at Thu Oct 04 14:47:52 -0600 2012
Served asset /contacts.js - 304 Not Modified (0ms)


Started GET "/assets/application.js?body=1" for 127.0.0.1 at Thu Oct 04 14:47:52 -0600 2012
Served asset /application.js - 304 Not Modified (0ms)


Started POST "/contacts" for 127.0.0.1 at Thu Oct 04 14:48:09 -0600 2012
Processing by ContactsController#create as HTML
  Parameters: {"authenticity_token"=>"QNvkJ6paIt/J5rght4kfFYbtNbRCbO4gzoGBj/YW4KE=", "contact"=>{"edad"=>"20", "name"=>"Andrey Fuentes", "mail"=>"jasdplasd", "number"=>"asdd"}, "commit"=>"Create Contact", "utf8"=>"✓"}
Completed 500 Internal Server Error in 2ms

ActiveModel::MassAssignmentSecurity::Error (Can't mass-assign protected attributes: edad, name, mail, number):
  app/controllers/contacts_controller.rb:43:in `new'
  app/controllers/contacts_controller.rb:43:in `create'


  Rendered /var/lib/gems/1.8/gems/actionpack-3.2.3/lib/action_dispatch/middleware/templates/rescues/_trace.erb (0.9ms)
  Rendered /var/lib/gems/1.8/gems/actionpack-3.2.3/lib/action_dispatch/middleware/templates/rescues/_request_and_response.erb (0.9ms)
  Rendered /var/lib/gems/1.8/gems/actionpack-3.2.3/lib/action_dispatch/middleware/templates/rescues/diagnostics.erb within rescues/layout (66.9ms)


Started GET "/contacts/1/edit" for 127.0.0.1 at Thu Oct 04 14:50:56 -0600 2012
Processing by ContactsController#edit as HTML
  Parameters: {"id"=>"1"}
  [1m[36mContact Load (0.3ms)[0m  [1mSELECT "contacts".* FROM "contacts" WHERE "contacts"."id" = ? LIMIT 1[0m  [["id", "1"]]
  Rendered contacts/_form.html.erb (36.3ms)
  Rendered contacts/edit.html.erb within layouts/application (37.8ms)
Completed 500 Internal Server Error in 42ms

ActionView::Template::Error (undefined method `phone' for #<Contact:0x7f5b61deb408>):
    21:   </div>
    22:   <div class="field">
    23:     <%= f.label :number %><br />
    24:     <%= f.telephone_field(:phone) %>
    25:   </div>
    26:   <div class="field">
    27:     <%= f.label :edad %><br />
  app/views/contacts/_form.html.erb:24:in `_app_views_contacts__form_html_erb__2117747705_70015230348440'
  app/views/contacts/_form.html.erb:1:in `_app_views_contacts__form_html_erb__2117747705_70015230348440'
  app/views/contacts/edit.html.erb:3:in `_app_views_contacts_edit_html_erb__2096645736_70015230361920'


  Rendered /var/lib/gems/1.8/gems/actionpack-3.2.3/lib/action_dispatch/middleware/templates/rescues/_trace.erb (1.3ms)
  Rendered /var/lib/gems/1.8/gems/actionpack-3.2.3/lib/action_dispatch/middleware/templates/rescues/_request_and_response.erb (1.1ms)
  Rendered /var/lib/gems/1.8/gems/actionpack-3.2.3/lib/action_dispatch/middleware/templates/rescues/template_error.erb within rescues/layout (9.2ms)


Started GET "/contacts/1/edit" for 127.0.0.1 at Thu Oct 04 14:51:21 -0600 2012
Processing by ContactsController#edit as HTML
  Parameters: {"id"=>"1"}
  [1m[35mContact Load (0.1ms)[0m  SELECT "contacts".* FROM "contacts" WHERE "contacts"."id" = ? LIMIT 1  [["id", "1"]]
  Rendered contacts/_form.html.erb (5.2ms)
  Rendered contacts/edit.html.erb within layouts/application (7.7ms)
Completed 200 OK in 15ms (Views: 14.0ms | ActiveRecord: 0.1ms)


Started GET "/assets/application.css?body=1" for 127.0.0.1 at Thu Oct 04 14:51:21 -0600 2012
Served asset /application.css - 304 Not Modified (0ms)


Started GET "/assets/contact.css?body=1" for 127.0.0.1 at Thu Oct 04 14:51:21 -0600 2012
Served asset /contact.css - 304 Not Modified (0ms)


Started GET "/assets/contacts.css?body=1" for 127.0.0.1 at Thu Oct 04 14:51:21 -0600 2012
Served asset /contacts.css - 304 Not Modified (0ms)


Started GET "/assets/scaffolds.css?body=1" for 127.0.0.1 at Thu Oct 04 14:51:21 -0600 2012
Served asset /scaffolds.css - 304 Not Modified (0ms)


Started GET "/assets/jquery.js?body=1" for 127.0.0.1 at Thu Oct 04 14:51:21 -0600 2012
Served asset /jquery.js - 304 Not Modified (0ms)


Started GET "/assets/jquery_ujs.js?body=1" for 127.0.0.1 at Thu Oct 04 14:51:21 -0600 2012
Served asset /jquery_ujs.js - 304 Not Modified (0ms)


Started GET "/assets/contact.js?body=1" for 127.0.0.1 at Thu Oct 04 14:51:21 -0600 2012
Served asset /contact.js - 304 Not Modified (0ms)


Started GET "/assets/contacts.js?body=1" for 127.0.0.1 at Thu Oct 04 14:51:21 -0600 2012
Served asset /contacts.js - 304 Not Modified (0ms)


Started GET "/assets/application.js?body=1" for 127.0.0.1 at Thu Oct 04 14:51:21 -0600 2012
Served asset /application.js - 304 Not Modified (0ms)


Started PUT "/contacts/1" for 127.0.0.1 at Thu Oct 04 14:51:24 -0600 2012
Processing by ContactsController#update as HTML
  Parameters: {"id"=>"1", "authenticity_token"=>"QNvkJ6paIt/J5rght4kfFYbtNbRCbO4gzoGBj/YW4KE=", "contact"=>{"edad"=>"20", "name"=>"Javier Sales", "mail"=>"javiersc05@gmail.com", "number"=>"88470506asd"}, "commit"=>"Update Contact", "utf8"=>"✓"}
  [1m[36mContact Load (0.2ms)[0m  [1mSELECT "contacts".* FROM "contacts" WHERE "contacts"."id" = ? LIMIT 1[0m  [["id", "1"]]
  [1m[35m (0.1ms)[0m  begin transaction
  [1m[36m (0.0ms)[0m  [1mrollback transaction[0m
Completed 500 Internal Server Error in 3ms

ActiveModel::MassAssignmentSecurity::Error (Can't mass-assign protected attributes: edad, name, mail, number):
  app/controllers/contacts_controller.rb:62:in `update'
  app/controllers/contacts_controller.rb:61:in `update'


  Rendered /var/lib/gems/1.8/gems/actionpack-3.2.3/lib/action_dispatch/middleware/templates/rescues/_trace.erb (0.8ms)
  Rendered /var/lib/gems/1.8/gems/actionpack-3.2.3/lib/action_dispatch/middleware/templates/rescues/_request_and_response.erb (0.8ms)
  Rendered /var/lib/gems/1.8/gems/actionpack-3.2.3/lib/action_dispatch/middleware/templates/rescues/diagnostics.erb within rescues/layout (6.2ms)
  [1m[36m (0.1ms)[0m  [1mSELECT "schema_migrations"."version" FROM "schema_migrations" [0m
Migrating to CreateContacts (20121004204252)
  [1m[35m (0.0ms)[0m  select sqlite_version(*)
  [1m[36m (0.0ms)[0m  [1mbegin transaction[0m
  [1m[35m (0.1ms)[0m  CREATE TABLE "contacts" ("id" INTEGER PRIMARY KEY AUTOINCREMENT NOT NULL, "created_at" datetime NOT NULL, "updated_at" datetime NOT NULL) 
SQLite3::SQLException: table "contacts" already exists: CREATE TABLE "contacts" ("id" INTEGER PRIMARY KEY AUTOINCREMENT NOT NULL, "created_at" datetime NOT NULL, "updated_at" datetime NOT NULL) 
  [1m[36m (0.0ms)[0m  [1mrollback transaction[0m


Started GET "/contacts" for 127.0.0.1 at Thu Oct 04 15:02:40 -0600 2012
Processing by ContactsController#index as HTML
  [1m[35mContact Load (0.1ms)[0m  SELECT "contacts".* FROM "contacts" 
  Rendered contacts/index.html.erb within layouts/application (1.8ms)
Completed 200 OK in 20ms (Views: 7.2ms | ActiveRecord: 0.6ms)


Started GET "/assets/application.css?body=1" for 127.0.0.1 at Thu Oct 04 15:02:40 -0600 2012
Served asset /application.css - 304 Not Modified (0ms)


Started GET "/assets/contact.css?body=1" for 127.0.0.1 at Thu Oct 04 15:02:40 -0600 2012
Served asset /contact.css - 304 Not Modified (0ms)


Started GET "/assets/contacts.css?body=1" for 127.0.0.1 at Thu Oct 04 15:02:40 -0600 2012
Served asset /contacts.css - 304 Not Modified (0ms)


Started GET "/assets/scaffolds.css?body=1" for 127.0.0.1 at Thu Oct 04 15:02:40 -0600 2012
Served asset /scaffolds.css - 304 Not Modified (0ms)


Started GET "/assets/jquery.js?body=1" for 127.0.0.1 at Thu Oct 04 15:02:40 -0600 2012
Served asset /jquery.js - 304 Not Modified (0ms)


Started GET "/assets/jquery_ujs.js?body=1" for 127.0.0.1 at Thu Oct 04 15:02:40 -0600 2012
Served asset /jquery_ujs.js - 304 Not Modified (0ms)


Started GET "/assets/contact.js?body=1" for 127.0.0.1 at Thu Oct 04 15:02:40 -0600 2012
Served asset /contact.js - 304 Not Modified (0ms)


Started GET "/assets/contacts.js?body=1" for 127.0.0.1 at Thu Oct 04 15:02:40 -0600 2012
Served asset /contacts.js - 304 Not Modified (0ms)


Started GET "/assets/application.js?body=1" for 127.0.0.1 at Thu Oct 04 15:02:40 -0600 2012
Served asset /application.js - 304 Not Modified (1ms)
